<?xml version="1.0" encoding="UTF-8"?>
<testng-results ignored="0" total="1" passed="1" failed="0" skipped="0">
  <reporter-output>
  </reporter-output>
  <suite started-at="2025-02-12T17:05:42 IST" name="Calculator Test Suite" finished-at="2025-02-12T17:05:42 IST" duration-ms="104">
    <groups>
    </groups>
    <test started-at="2025-02-12T17:05:42 IST" name="Addition Test" finished-at="2025-02-12T17:05:42 IST" duration-ms="104">
      <class name="com.example.CalculatorTest">
        <test-method signature="testAdd()[pri:0, instance:com.example.CalculatorTest@382db087]" started-at="2025-02-12T17:05:42 IST" name="testAdd" finished-at="2025-02-12T17:05:42 IST" duration-ms="15" status="PASS">
          <reporter-output>
          </reporter-output>
        </test-method> <!-- testAdd -->
      </class> <!-- com.example.CalculatorTest -->
    </test> <!-- Addition Test -->
  </suite> <!-- Calculator Test Suite -->
</testng-results>
